[2021年5月19日23时40分30秒]Person: [2021年5月19日23时41分49秒]Person: [2021年5月20日11时12分25秒]Person: guanteng
[2021年5月20日11时18分1秒]Person: guanteng
[2021年5月20日11时20分22秒]Person: guanteng
[2021年5月20日16时21分17秒]Person: guanteng
[2021年5月20日16时25分47秒]Person: guanteng
[2021年5月20日16时26分18秒]Person: guanteng
[2021年5月20日16时48分56秒]Person: 
[2021年5月20日17时7分21秒]Person: guanteng
[2021年5月20日20时20分15秒]Person: 
[2021年5月20日20时20分43秒]Person: guanteng
[2022年10月7日19时26分57秒]Person: guanteng
[2022年10月7日19时27分8秒]Person: guanteng
[2022年10月7日21时21分55秒]Person: guanteng
[2022年10月7日21时23分8秒]Person: 
[2022年10月7日21时23分23秒]Person: guanteng
[2022年10月12日20时2分47秒]Person: 官腾
[2022年10月26日23时4分46秒]Person: None
[2022年10月26日23时6分9秒]Person: 官腾
[2022年10月26日23时48分31秒]Person: 官腾
[2022年10月27日2时25分32秒]Person: 官腾
[2022年10月28日0时19分1秒]Person: 官腾
[2022年11月5日19时47分40秒]Person: 官腾
[2022年11月8日20时54分27秒]Person: 官腾
[2022年11月8日20时56分17秒]Person: 官腾
[2022年11月8日21时42分27秒]Person: 未知用户
[2023年10月20日15时58分18秒]Person: 官腾
